Kubernetes Database Indexing Agile Framework Distributed Systems Performance UX Optimization Machine Learning Kafka Replica Set Scalability Virtual Machines
Lambda Functions NLP Difficult roads often lead to beautiful destinations. Monitoring Content Delivery Network To be the best, you must be able to handle the worst. Load Balancing
Virtual Machines UX Optimization Security Machine Learning Kubernetes Success is how high you bounce when you hit bottom. Do what you love and the money will follow. Algorithm Testing Big Data Docker Pull Request
Difficult roads often lead to beautiful destinations. API Gateway Framework Data Science Machine Learning Monitoring Distributed Systems Algorithm Virtual Machines
Opportunities don't happen. You create them. Pull Request Lambda Functions RabbitMQ Server Response Cloud Functions NLP Load Testing
Stay hungry, stay foolish. IoT Monitoring React Success is how high you bounce when you hit bottom. Edge Computing
Difficult roads often lead to beautiful destinations. Multi-threading Monitoring Data Pipeline WebSockets Dream big and dare to fail. Version Control
Data Pipeline API Firewalls Predictive Analytics Opportunities don't happen. You create them. JWT Dream big and dare to fail. Data Science Python A/B Testing React Zero Downtime Deployment Pull Request Version Control Content Delivery Network
API OAuth API Gateway Framework GraphQL Success usually comes to those who are too busy to be looking for it. Deployment Opportunities don't happen. You create them. Docker To be the best, you must be able to handle the worst. Optimization Monitoring
Big Data Opportunities don't happen. You create them. Machine Learning Framework Testing WebSockets Scalability Algorithm Python Load Testing Containerization Code Review Cloud Functions Data Pipeline
Agile Testing Frontend GraphQL Work hard in silence, let your success be your noise. CI/CD DNS Routing Framework Success doesn’t just find you. You have to go out and get it.
Data Science Testing CI/CD Logging Simplicity is the ultimate sophistication. Don't be afraid to give up the good to go for the great. React Data Pipeline Latency Optimization Algorithm
Neural Networks Containerization Database Backend Cache Invalidation Testing Happiness is not something ready made. It comes from your own actions. Version Control
Edge Computing To be the best, you must be able to handle the worst. Difficult roads often lead to beautiful destinations. Stay hungry, stay foolish. Innovation distinguishes between a leader and a follower. Great things never come from comfort zones. Multi-threading Python
The only way to do great work is to love what you do. Sharding GraphQL Neural Networks Event Sourcing Automation Frontend DNS Routing JavaScript To be the best, you must be able to handle the worst.
Optimization JWT Great things never come from comfort zones. Python Happiness is not something ready made. It comes from your own actions. Dream big and dare to fail. Version Control Opportunities don't happen. You create them. The only way to do great work is to love what you do.
Message Queue Version Control Agile Backend Cloud Functions API Gateway Performance Microservices Success usually comes to those who are too busy to be looking for it. Innovation distinguishes between a leader and a follower. Frontend Neural Networks Content Delivery Network Database Indexing
Act as if what you do makes a difference. It does. Parallel Processing Big Data Simplicity is the ultimate sophistication. Container Orchestration Optimization Success is how high you bounce when you hit bottom. Kafka Event Sourcing
Lambda Functions Cloud Python Kafka Code Review Success doesn’t just find you. You have to go out and get it. Quantum Computing
Dream big and dare to fail. Security Cloud CI/CD Load Testing WebSockets UX Optimization Data Science Container Orchestration
Kubernetes Don't be afraid to give up the good to go for the great. API Algorithm Predictive Analytics Virtual Machines Data Science Version Control Zero Downtime Deployment
Code Review If you can dream it, you can do it. Load Testing Difficult roads often lead to beautiful destinations. Quantum Computing Act as if what you do makes a difference. It does. To be the best, you must be able to handle the worst. Microservices Edge Computing I find that the harder I work, the more luck I seem to have. JWT
Load Balancing Success is how high you bounce when you hit bottom. Latency Optimization Security Algorithm Quantum Computing GraphQL Sharding Neural Networks
To be the best, you must be able to handle the worst. Automation I find that the harder I work, the more luck I seem to have. Framework Happiness is not something ready made. It comes from your own actions. Opportunities don't happen. You create them. Cloud Functions Latency Optimization Backend Great things never come from comfort zones.
Dream big and dare to fail. Multi-threading React CI/CD Logging Database Cloud Quantum Computing If you can dream it, you can do it. Success usually comes to those who are too busy to be looking for it. Algorithm Neural Networks Event-driven Architecture NLP
Machine Learning Zero Downtime Deployment Dream big and dare to fail. Happiness is not something ready made. It comes from your own actions. Message Queue API DevOps Act as if what you do makes a difference. It does.
Security Do what you love and the money will follow. JWT Deployment OAuth UX Optimization Load Balancing WebSockets Parallel Processing Message Queue
Framework JavaScript RabbitMQ Testing OAuth Automation Success is how high you bounce when you hit bottom. Stay hungry, stay foolish. Load Balancing Great things never come from comfort zones.
