JavaScript Container Orchestration Difficult roads often lead to beautiful destinations. DNS Routing NLP Microservices Algorithm I find that the harder I work, the more luck I seem to have. Cache Invalidation Performance The only way to do great work is to love what you do. Do what you love and the money will follow.
Do what you love and the money will follow. Dream big and dare to fail. Artificial Intelligence Data Science JavaScript Server Response Database Firewalls Optimization Simplicity is the ultimate sophistication. Testing Edge Computing To be the best, you must be able to handle the worst. Success is not in what you have, but who you are.
Security Algorithm GraphQL Success is not in what you have, but who you are. Server Response Pull Request Frontend Blockchain Testing Success is how high you bounce when you hit bottom. Framework Success doesn’t just find you. You have to go out and get it. Version Control
Testing WebSockets Agile Load Balancing Logging Great things never come from comfort zones.
Sharding Kubernetes Python To be the best, you must be able to handle the worst. Zero Downtime Deployment JWT Event-driven Architecture
Virtual Machines Dream big and dare to fail. Security Monitoring Machine Learning Stay hungry, stay foolish. API Gateway RabbitMQ Framework Deployment Message Queue Parallel Processing Difficult roads often lead to beautiful destinations. Edge Computing Data Science
Data Pipeline Backend Opportunities don't happen. You create them. Data Science OAuth Innovation distinguishes between a leader and a follower. GraphQL Don't be afraid to give up the good to go for the great. Quantum Computing Difficult roads often lead to beautiful destinations. Pull Request API Docker Sharding
Do what you love and the money will follow. DNS Routing CI/CD NLP Kafka Neural Networks Content Delivery Network Artificial Intelligence Database Indexing
Deployment If you can dream it, you can do it. Distributed Systems Content Delivery Network Server Response Testing Artificial Intelligence Version Control DNS Routing Backend Act as if what you do makes a difference. It does. Python React API Cloud
Cloud Functions Zero Downtime Deployment UX Optimization Edge Computing Performance Great things never come from comfort zones. Work hard in silence, let your success be your noise. RabbitMQ If you can dream it, you can do it. To be the best, you must be able to handle the worst.
Database RabbitMQ UX Optimization Frontend Act as if what you do makes a difference. It does. CI/CD To be the best, you must be able to handle the worst. Big Data Server Response Cache Invalidation Docker Blockchain Distributed Systems API Gateway Testing
API Gateway Event Sourcing Work hard in silence, let your success be your noise. Difficult roads often lead to beautiful destinations. Version Control To be the best, you must be able to handle the worst. A/B Testing Deployment
Do what you love and the money will follow. Don't be afraid to give up the good to go for the great. Data Pipeline Work hard in silence, let your success be your noise. Python Cache Invalidation Cloud Act as if what you do makes a difference. It does. Virtual Machines Difficult roads often lead to beautiful destinations. Code Review Innovation distinguishes between a leader and a follower.
Quantum Computing NLP Serverless Pull Request UX Optimization DNS Routing I find that the harder I work, the more luck I seem to have. Opportunities don't happen. You create them. Dream big and dare to fail.
Success is how high you bounce when you hit bottom. Database Indexing Agile Firewalls Event Sourcing Version Control RabbitMQ Load Testing Deployment Artificial Intelligence Sharding
Database Data Pipeline Distributed Systems Artificial Intelligence Scalability Data Science
DevOps JavaScript Data Pipeline Great things never come from comfort zones. Dream big and dare to fail. Replica Set
To be the best, you must be able to handle the worst. CI/CD UX Optimization Scalability Stay hungry, stay foolish. Version Control WebSockets DevOps Cloud Functions Database Sharding
Message Queue Performance Cache Invalidation Latency Optimization Load Balancing
Happiness is not something ready made. It comes from your own actions. Sharding Containerization Algorithm Parallel Processing Monitoring Optimization Act as if what you do makes a difference. It does. DevOps Agile
CI/CD WebSockets Difficult roads often lead to beautiful destinations. UX Optimization Docker Security
Kubernetes Deployment JavaScript CI/CD Don't be afraid to give up the good to go for the great. Content Delivery Network Neural Networks Opportunities don't happen. You create them. Stay hungry, stay foolish. Simplicity is the ultimate sophistication. Difficult roads often lead to beautiful destinations. Message Queue Happiness is not something ready made. It comes from your own actions. Kafka IoT
